
=== Thu Dec  4 13:26:26 2025

Packages were changed.
Update Mode: updateDependencies

The following packages were added:
  com.unity.2d.sprite@1.0.0
  com.unity.2d.tilemap@1.0.0
  com.unity.ide.rider@3.0.31
  com.unity.ide.visualstudio@2.0.22
  com.unity.ide.vscode@1.2.5
  com.unity.modules.androidjni@1.0.0
  com.unity.test-framework@1.1.33
  com.unity.ugui@1.0.0
The following packages were updated:
  com.unity.analytics from version 3.3.2 to 3.6.12
  com.unity.shadergraph from version 5.7.2 to 12.1.15
  com.unity.textmeshpro from version 2.0.1 to 3.0.6
  com.unity.timeline from version 1.0.0 to 1.6.5
  com.unity.xr.legacyinputhelpers from version 2.0.2 to 2.1.11
The following packages were removed:
  com.unity.package-manager-ui@2.1.2
